\BOOKMARK [0][-]{chapter*.2}{Erkl\344rung}{}% 1
\BOOKMARK [0][-]{chapter*.5}{Kurzzusammenfassung}{}% 2
\BOOKMARK [0][-]{chapter*.6}{Abstract}{}% 3
\BOOKMARK [0][-]{chapter.1}{Einleitung}{}% 4
\BOOKMARK [0][-]{chapter.2}{Kapitel, Unterkapitel und die Definitionen von Abschnitten}{}% 5
\BOOKMARK [1][-]{section.2.1}{Abschnitt 1 meines ersten Kapitels}{chapter.2}% 6
\BOOKMARK [1][-]{section.2.2}{Abschnitt 2 meines ersten Kapitels}{chapter.2}% 7
\BOOKMARK [2][-]{subsection.2.2.1}{Unterabschnitt 1}{section.2.2}% 8
\BOOKMARK [1][-]{section.2.3}{Beispiele}{chapter.2}% 9
\BOOKMARK [2][-]{subsection.2.3.1}{Beispiel f\374r die Erstellung von Formeln}{section.2.3}% 10
\BOOKMARK [2][-]{subsection.2.3.2}{Zitate einf\374gen}{section.2.3}% 11
\BOOKMARK [2][-]{subsection.2.3.3}{Bilder einf\374gen}{section.2.3}% 12
\BOOKMARK [2][-]{subsection.2.3.4}{Tabellen einf\374gen}{section.2.3}% 13
\BOOKMARK [1][-]{section.2.4}{Sonstiges}{chapter.2}% 14
\BOOKMARK [0][-]{chapter.3}{Zusammenfassung}{}% 15
\BOOKMARK [0][-]{appendix.A}{Anhang}{}% 16
\BOOKMARK [0][-]{appendix*.12}{Abbildungsverzeichnis}{}% 17
\BOOKMARK [0][-]{appendix*.13}{Tabellenverzeichnis}{}% 18
\BOOKMARK [0][-]{appendix*.14}{Symbolverzeichnis}{}% 19
\BOOKMARK [0][-]{appendix*.15}{Literaturverzeichnis}{}% 20
